Traceback (most recent call last):
  File "c:\Users\rafael.luna\Desktop\docs pessoais\Projects\BotBlaze\BotBlaze\Bot_completo.py", line 171, in <module>
    Bot.EsperarLance()
  File "c:\Users\rafael.luna\Desktop\docs pessoais\Projects\BotBlaze\BotBlaze\Scripts\BlazeFunctions\Bot.py", line 74, in EsperarLance
    LanceBlazeAtual = Lances.Get(1)[0]
                      ^^^^^^^^^^^^^
  File "c:\Users\rafael.luna\Desktop\docs pessoais\Projects\BotBlaze\BotBlaze\Scripts\BlazeFunctions\Lances.py", line 18, in Get
    result_json = (requests.get(blaze_api_url)).json()
                   ^^^^^^^^^^^^^^^^^^^^^^^^^^^
  File "C:\Users\rafael.luna\AppData\Local\anaconda3\envs\BotBlaze\Lib\site-packages\requests\api.py", line 73, in get
    return request("get", url, params=params, **kwargs)
           ^^^^^^^^^^^^^^^^^^^^^^^^^^^^^^^^^^^^^^^^^^^^
  File "C:\Users\rafael.luna\AppData\Local\anaconda3\envs\BotBlaze\Lib\site-packages\requests\api.py", line 59, in request
    return session.request(method=method, url=url, **kwargs)
           ^^^^^^^^^^^^^^^^^^^^^^^^^^^^^^^^^^^^^^^^^^^^^^^^^
  File "C:\Users\rafael.luna\AppData\Local\anaconda3\envs\BotBlaze\Lib\site-packages\requests\sessions.py", line 589, in request
    resp = self.send(prep, **send_kwargs)
           ^^^^^^^^^^^^^^^^^^^^^^^^^^^^^^
  File "C:\Users\rafael.luna\AppData\Local\anaconda3\envs\BotBlaze\Lib\site-packages\requests\sessions.py", line 747, in send
    r.content
  File "C:\Users\rafael.luna\AppData\Local\anaconda3\envs\BotBlaze\Lib\site-packages\requests\models.py", line 899, in content
    self._content = b"".join(self.iter_content(CONTENT_CHUNK_SIZE)) or b""
                    ^^^^^^^^^^^^^^^^^^^^^^^^^^^^^^^^^^^^^^^^^^^^^^^
  File "C:\Users\rafael.luna\AppData\Local\anaconda3\envs\BotBlaze\Lib\site-packages\requests\models.py", line 816, in generate
    yield from self.raw.stream(chunk_size, decode_content=True)
  File "C:\Users\rafael.luna\AppData\Local\anaconda3\envs\BotBlaze\Lib\site-packages\urllib3\response.py", line 933, in stream
    yield from self.read_chunked(amt, decode_content=decode_content)
  File "C:\Users\rafael.luna\AppData\Local\anaconda3\envs\BotBlaze\Lib\site-packages\urllib3\response.py", line 1073, in read_chunked
    self._update_chunk_length()
  File "C:\Users\rafael.luna\AppData\Local\anaconda3\envs\BotBlaze\Lib\site-packages\urllib3\response.py", line 1001, in _update_chunk_length
    line = self._fp.fp.readline()  # type: ignore[union-attr]
           ^^^^^^^^^^^^^^^^^^^^^^
  File "C:\Users\rafael.luna\AppData\Local\anaconda3\envs\BotBlaze\Lib\socket.py", line 706, in readinto
    return self._sock.recv_into(b)
           ^^^^^^^^^^^^^^^^^^^^^^^
  File "C:\Users\rafael.luna\AppData\Local\anaconda3\envs\BotBlaze\Lib\ssl.py", line 1311, in recv_into
    return self.read(nbytes, buffer)
           ^^^^^^^^^^^^^^^^^^^^^^^^^
  File "C:\Users\rafael.luna\AppData\Local\anaconda3\envs\BotBlaze\Lib\ssl.py", line 1167, in read
    return self._sslobj.read(len, buffer)
           ^^^^^^^^^^^^^^^^^^^^^^^^^^^^^^
KeyboardInterrupt
