Traceback (most recent call last):
  File "c:\Users\rafael.luna\Desktop\docs pessoais\Projects\BotBlaze\BotBlaze\Scripts\Bot_v2.py", line 620, in <module>
    LancesBlaze = requests.get('https://blaze-1.com/api/roulette_games/recent').json()
                  ^^^^^^^^^^^^^^^^^^^^^^^^^^^^^^^^^^^^^^^^^^^^^^^^^^^^^^^^^^^^^
  File "C:\Users\rafael.luna\AppData\Local\anaconda3\envs\BotBlaze\Lib\site-packages\requests\api.py", line 73, in get
    return request("get", url, params=params, **kwargs)
           ^^^^^^^^^^^^^^^^^^^^^^^^^^^^^^^^^^^^^^^^^^^^
  File "C:\Users\rafael.luna\AppData\Local\anaconda3\envs\BotBlaze\Lib\site-packages\requests\api.py", line 59, in request
    return session.request(method=method, url=url, **kwargs)
           ^^^^^^^^^^^^^^^^^^^^^^^^^^^^^^^^^^^^^^^^^^^^^^^^^
  File "C:\Users\rafael.luna\AppData\Local\anaconda3\envs\BotBlaze\Lib\site-packages\requests\sessions.py", line 589, in request
    resp = self.send(prep, **send_kwargs)
           ^^^^^^^^^^^^^^^^^^^^^^^^^^^^^^
  File "C:\Users\rafael.luna\AppData\Local\anaconda3\envs\BotBlaze\Lib\site-packages\requests\sessions.py", line 703, in send
    r = adapter.send(request, **kwargs)
        ^^^^^^^^^^^^^^^^^^^^^^^^^^^^^^^
  File "C:\Users\rafael.luna\AppData\Local\anaconda3\envs\BotBlaze\Lib\site-packages\requests\adapters.py", line 486, in send
    resp = conn.urlopen(
           ^^^^^^^^^^^^^
  File "C:\Users\rafael.luna\AppData\Local\anaconda3\envs\BotBlaze\Lib\site-packages\urllib3\connectionpool.py", line 790, in urlopen
    response = self._make_request(
               ^^^^^^^^^^^^^^^^^^^
  File "C:\Users\rafael.luna\AppData\Local\anaconda3\envs\BotBlaze\Lib\site-packages\urllib3\connectionpool.py", line 536, in _make_request
    response = conn.getresponse()
               ^^^^^^^^^^^^^^^^^^
  File "C:\Users\rafael.luna\AppData\Local\anaconda3\envs\BotBlaze\Lib\site-packages\urllib3\connection.py", line 461, in getresponse
    httplib_response = super().getresponse()
                       ^^^^^^^^^^^^^^^^^^^^^
  File "C:\Users\rafael.luna\AppData\Local\anaconda3\envs\BotBlaze\Lib\http\client.py", line 1378, in getresponse
    response.begin()
  File "C:\Users\rafael.luna\AppData\Local\anaconda3\envs\BotBlaze\Lib\http\client.py", line 318, in begin
    version, status, reason = self._read_status()
                              ^^^^^^^^^^^^^^^^^^^
  File "C:\Users\rafael.luna\AppData\Local\anaconda3\envs\BotBlaze\Lib\http\client.py", line 279, in _read_status
    line = str(self.fp.readline(_MAXLINE + 1), "iso-8859-1")
               ^^^^^^^^^^^^^^^^^^^^^^^^^^^^^^
  File "C:\Users\rafael.luna\AppData\Local\anaconda3\envs\BotBlaze\Lib\socket.py", line 706, in readinto
    return self._sock.recv_into(b)
           ^^^^^^^^^^^^^^^^^^^^^^^
  File "C:\Users\rafael.luna\AppData\Local\anaconda3\envs\BotBlaze\Lib\ssl.py", line 1311, in recv_into
    return self.read(nbytes, buffer)
           ^^^^^^^^^^^^^^^^^^^^^^^^^
  File "C:\Users\rafael.luna\AppData\Local\anaconda3\envs\BotBlaze\Lib\ssl.py", line 1167, in read
    return self._sslobj.read(len, buffer)
           ^^^^^^^^^^^^^^^^^^^^^^^^^^^^^^
KeyboardInterrupt
